Jul  1 21:13:01 ubuntu kernel: [1902958.197566] Page table CONFIG_Migration_test
Jul  1 21:13:01 ubuntu kernel: [1902958.197570] Page table allocation set to normal behavior -6
Jul  1 21:37:29 ubuntu kernel: [1904426.400942] Page table CONFIG_Migration_test
Jul  1 21:37:29 ubuntu kernel: [1904426.400947] Page table allocation set to normal behavior -6
Jul  1 21:56:20 ubuntu kernel: [1905556.516007] Page table CONFIG_Migration_test
Jul  1 21:56:20 ubuntu kernel: [1905556.516011] Page table allocation set to normal behavior -6
Jul  1 22:01:08 ubuntu kernel: [1905845.214131] Page table CONFIG_Migration_test
Jul  1 22:01:08 ubuntu kernel: [1905845.214136] Page table allocation set to normal behavior -6
Jul  1 22:31:34 ubuntu kernel: [1907671.286152] Page table CONFIG_Migration_test
Jul  1 22:31:34 ubuntu kernel: [1907671.286156] Page table allocation set to normal behavior -6
Jul  1 22:36:29 ubuntu kernel: [1907966.272879] Page table CONFIG_Migration_test
Jul  1 22:36:29 ubuntu kernel: [1907966.272883] Page table allocation set to normal behavior -3
Jul  1 22:41:59 ubuntu kernel: [1908296.101553] Page table CONFIG_Migration_test
Jul  1 22:41:59 ubuntu kernel: [1908296.101557] Page table allocation set to fixed on node 0
Jul  1 22:41:59 ubuntu kernel: [1908296.109064] PROCFS: Command ot drain the pgtable cache
Jul  1 22:42:00 ubuntu kernel: [1908297.283404] PROCFS: Command ot populate the pgtable cache
Jul  1 22:42:00 ubuntu kernel: [1908297.283408] PGREPL: populating pgtable cache with 1100000 tables per node
Jul  1 22:42:00 ubuntu kernel: [1908297.283409] PGREPL: populating pgtable cache node[0] with 1100000 tables
Jul  1 22:42:02 ubuntu kernel: [1908298.662559] PGREPL: node[0] populated with 1100000  tables
Jul  1 22:42:02 ubuntu kernel: [1908298.662564] PGREPL: populating pgtable cache node[1] with 1100000 tables
Jul  1 22:42:03 ubuntu kernel: [1908300.318382] PGREPL: node[1] populated with 1100000  tables
Jul  1 22:42:03 ubuntu kernel: [1908300.318386] PGREPL: populating pgtable cache node[2] with 1100000 tables
Jul  1 22:42:04 ubuntu kernel: [1908301.072262] PGREPL: node[2] populated with 1100000  tables
Jul  1 22:42:04 ubuntu kernel: [1908301.072267] PGREPL: populating pgtable cache node[3] with 1100000 tables
Jul  1 22:42:05 ubuntu kernel: [1908302.137567] PGREPL: node[3] populated with 1100000  tables
Jul  1 22:42:05 ubuntu kernel: [1908302.175079] [mitosis] NOTE: version = 6
Jul  1 22:42:05 ubuntu kernel: [1908302.175090] [mitosis] kernel_set_pgtlbreplpolicy: pid = 2203
Jul  1 22:42:05 ubuntu kernel: [1908302.175093] PTREP: Called pgtbl_repl_prepare_replication version 2
Jul  1 22:42:05 ubuntu kernel: [1908302.175096] [mitosis] pgtbl_repl_prepare_replication  for mm=ffff2027d35a9000.
Jul  1 22:42:05 ubuntu kernel: [1908302.175099] [mitosis]------PTREPL: alloc pgd start------
Jul  1 22:42:05 ubuntu kernel: [1908302.175101] [mitosis] nr_node_ids=4.
Jul  1 22:42:05 ubuntu kernel: [1908302.175103] [mitosis] pgd_alloc origin mm->pgd =ffff0023aacf0000.
Jul  1 22:42:05 ubuntu kernel: [1908302.175109] [mitosis] pgd_alloc mm->repl_pgd[0]=ffff00262b461000.
Jul  1 22:42:05 ubuntu kernel: [1908302.175114] [mitosis] pgd_alloc mm->repl_pgd[1]=ffff002e4c51e000.
Jul  1 22:42:05 ubuntu kernel: [1908302.175117] [mitosis] pgd_alloc mm->repl_pgd[2]=ffff202514781000.
Jul  1 22:42:05 ubuntu kernel: [1908302.175120] [mitosis] pgd_alloc mm->repl_pgd[3]=ffff20283a3f7000.
Jul  1 22:42:05 ubuntu kernel: [1908302.175123] ------PTREPL: alloc pgd success------
Jul  1 22:42:05 ubuntu kernel: [1908302.175127] pgtbl_repl_prepare_replication:1216 pgd=ffff0023aacf0000..ffff0023aacf0fff
Jul  1 22:42:05 ubuntu kernel: [1908302.175133] PTREP: pgd_idx = 341，and pgd=ffff0023aacf0aa8  and pgd[341]=229b2ef003
Jul  1 22:42:05 ubuntu kernel: [1908302.175136] pgtbl_repl_prepare_replication:1224 pgd[341]'s pud=ffff00229b2ef000..ffff00229b2effff
Jul  1 22:42:05 ubuntu kernel: [1908302.175139] pgtbl_repl_prepare_replication:1228 another func __va pud=ffff00229b2ef000..ffff00229b2effff
Jul  1 22:42:05 ubuntu kernel: [1908302.175141] pgtbl_repl_prepare_replication:1229 1 pfn=229b2ef   2 pfn=229b2ef
Jul  1 22:42:05 ubuntu kernel: [1908302.175153] [mitosis] start search pud .......
Jul  1 22:42:05 ubuntu kernel: [1908302.175159] PTREP: pud_idx = 171，and pud=ffff00229b2ef558  and pud[171]=2701788003
Jul  1 22:42:05 ubuntu kernel: [1908302.175161] pgtbl_repl_prepare_replication:1248 pud[171]'s pmd=ffff002701788000..ffff002701788fff
Jul  1 22:42:05 ubuntu kernel: [1908302.175163] pgtbl_repl_prepare_replication:1249 1 pfn=2701788   2 pfn=2701788
Jul  1 22:42:05 ubuntu kernel: [1908302.175179] PTREP: pmd_idx = 244，and pmd=ffff0027017887a0  and pmd[244]=26fccf0003
Jul  1 22:42:05 ubuntu kernel: [1908302.175181] pgtbl_repl_prepare_replication:1268 pmd[244]'s pte=ffff0026fccf0000..ffff0026fccf0fff
Jul  1 22:42:05 ubuntu kernel: [1908302.175183] pgtbl_repl_prepare_replication:1269 1 pfn=26fccf0   2 pfn=26fccf0
Jul  1 22:42:05 ubuntu kernel: [1908302.175207] PTREP: pmd_idx = 417，and pmd=ffff002701788d08  and pmd[417]=234b4df003
Jul  1 22:42:05 ubuntu kernel: [1908302.175209] pgtbl_repl_prepare_replication:1268 pmd[417]'s pte=ffff00234b4df000..ffff00234b4dffff
Jul  1 22:42:05 ubuntu kernel: [1908302.175211] pgtbl_repl_prepare_replication:1269 1 pfn=234b4df   2 pfn=234b4df
Jul  1 22:42:05 ubuntu kernel: [1908302.175231] ===================================== end of a page
Jul  1 22:42:05 ubuntu kernel: [1908302.175234] PTREP: pgd_idx = 511，and pgd=ffff0023aacf0ff8  and pgd[511]=2505ad9003
Jul  1 22:42:05 ubuntu kernel: [1908302.175237] pgtbl_repl_prepare_replication:1224 pgd[511]'s pud=ffff002505ad9000..ffff002505ad9fff
Jul  1 22:42:05 ubuntu kernel: [1908302.175239] pgtbl_repl_prepare_replication:1228 another func __va pud=ffff002505ad9000..ffff002505ad9fff
Jul  1 22:42:05 ubuntu kernel: [1908302.175241] pgtbl_repl_prepare_replication:1229 1 pfn=2505ad9   2 pfn=2505ad9
Jul  1 22:42:05 ubuntu kernel: [1908302.175251] [mitosis] start search pud .......
Jul  1 22:42:05 ubuntu kernel: [1908302.175259] PTREP: pud_idx = 510，and pud=ffff002505ad9ff0  and pud[510]=22b9a3d003
Jul  1 22:42:05 ubuntu kernel: [1908302.175262] pgtbl_repl_prepare_replication:1248 pud[510]'s pmd=ffff0022b9a3d000..ffff0022b9a3dfff
Jul  1 22:42:05 ubuntu kernel: [1908302.175264] pgtbl_repl_prepare_replication:1249 1 pfn=22b9a3d   2 pfn=22b9a3d
Jul  1 22:42:05 ubuntu kernel: [1908302.175279] PTREP: pmd_idx = 370，and pmd=ffff0022b9a3db90  and pmd[370]=222eec0003
Jul  1 22:42:05 ubuntu kernel: [1908302.175281] pgtbl_repl_prepare_replication:1268 pmd[370]'s pte=ffff00222eec0000..ffff00222eec0fff
Jul  1 22:42:05 ubuntu kernel: [1908302.175283] pgtbl_repl_prepare_replication:1269 1 pfn=222eec0   2 pfn=222eec0
Jul  1 22:42:05 ubuntu kernel: [1908302.175304] PTREP: pmd_idx = 371，and pmd=ffff0022b9a3db98  and pmd[371]=27b1e7b003
Jul  1 22:42:05 ubuntu kernel: [1908302.175306] pgtbl_repl_prepare_replication:1268 pmd[371]'s pte=ffff0027b1e7b000..ffff0027b1e7bfff
Jul  1 22:42:05 ubuntu kernel: [1908302.175308] pgtbl_repl_prepare_replication:1269 1 pfn=27b1e7b   2 pfn=27b1e7b
Jul  1 22:42:05 ubuntu kernel: [1908302.175331] PTREP: pud_idx = 511，and pud=ffff002505ad9ff8  and pud[511]=236064a003
Jul  1 22:42:05 ubuntu kernel: [1908302.175334] pgtbl_repl_prepare_replication:1248 pud[511]'s pmd=ffff00236064a000..ffff00236064afff
Jul  1 22:42:05 ubuntu kernel: [1908302.175336] pgtbl_repl_prepare_replication:1249 1 pfn=236064a   2 pfn=236064a
Jul  1 22:42:05 ubuntu kernel: [1908302.175349] PTREP: pmd_idx = 221，and pmd=ffff00236064a6e8  and pmd[221]=262b4cb003
Jul  1 22:42:05 ubuntu kernel: [1908302.175352] pgtbl_repl_prepare_replication:1268 pmd[221]'s pte=ffff00262b4cb000..ffff00262b4cbfff
Jul  1 22:42:05 ubuntu kernel: [1908302.175354] pgtbl_repl_prepare_replication:1269 1 pfn=262b4cb   2 pfn=262b4cb
Jul  1 22:42:05 ubuntu kernel: [1908302.175371] ===================================== end of a page
Jul  1 22:42:05 ubuntu kernel: [1908302.175374] pgtbl_repl_prepare_replication:1295 all: pud_num=3, pmd_num=5, pte_num=328
Jul  1 22:42:05 ubuntu kernel: [1908302.175376] PTREP: Called pgtbl_repl_prepare_replication  done
Jul  1 22:42:05 ubuntu kernel: [1908302.175378] [mitosis] pgtable replication enabled for mm=ffff2027d35a9000.
Jul  1 22:42:05 ubuntu kernel: [1908302.175379] [mitosis] pgtable replication err=0.
Jul  1 22:42:05 ubuntu kernel: [1908302.175508] [mitosis]------PTREPL: alloc pgd start------
Jul  1 22:42:05 ubuntu kernel: [1908302.175510] [mitosis] nr_node_ids=4.
Jul  1 22:42:05 ubuntu kernel: [1908302.175512] [mitosis] pgd_alloc origin mm->pgd =ffff0022cc8c4000.
Jul  1 22:42:05 ubuntu kernel: [1908302.175516] [mitosis] pgd_alloc mm->repl_pgd[0]=ffff00262b456000.
Jul  1 22:42:05 ubuntu kernel: [1908302.175519] [mitosis] pgd_alloc mm->repl_pgd[1]=ffff002e4c513000.
Jul  1 22:42:05 ubuntu kernel: [1908302.175522] [mitosis] pgd_alloc mm->repl_pgd[2]=ffff202514776000.
Jul  1 22:42:05 ubuntu kernel: [1908302.175524] [mitosis] pgd_alloc mm->repl_pgd[3]=ffff20283a3ec000.
Jul  1 22:42:05 ubuntu kernel: [1908302.175526] ------PTREPL: alloc pgd success------
Jul  1 22:42:05 ubuntu kernel: [1908302.275727] [mitosis] PTREPL: free pgd start 
Jul  1 22:42:05 ubuntu kernel: [1908302.275733] [mitosis] pgtable_repl_pgd_free freed pgd=ffff0023aacf0000 and mm->pgd=ffff0023aacf0000.
Jul  1 22:42:05 ubuntu kernel: [1908302.275738] [mitosis]------PTREPL: free pgd done------
Jul  1 22:47:28 ubuntu kernel: [1908625.034698] Page table CONFIG_Migration_test
Jul  1 22:47:28 ubuntu kernel: [1908625.034703] Page table allocation set to normal behavior -6
Jul  1 22:52:24 ubuntu kernel: [1908921.414483] Page table CONFIG_Migration_test
Jul  1 22:52:24 ubuntu kernel: [1908921.414488] Page table allocation set to normal behavior -3
Jul  1 22:57:54 ubuntu kernel: [1909251.108088] Page table CONFIG_Migration_test
Jul  1 22:57:54 ubuntu kernel: [1909251.108093] Page table allocation set to fixed on node 0
Jul  1 22:57:54 ubuntu kernel: [1909251.115285] PROCFS: Command ot drain the pgtable cache
Jul  1 22:57:55 ubuntu kernel: [1909251.898992] PROCFS: Command ot populate the pgtable cache
Jul  1 22:57:55 ubuntu kernel: [1909251.898996] PGREPL: populating pgtable cache with 1100000 tables per node
Jul  1 22:57:55 ubuntu kernel: [1909251.898997] PGREPL: populating pgtable cache node[0] with 1100000 tables
Jul  1 22:57:56 ubuntu kernel: [1909253.231112] PGREPL: node[0] populated with 1100000  tables
Jul  1 22:57:56 ubuntu kernel: [1909253.231117] PGREPL: populating pgtable cache node[1] with 1100000 tables
Jul  1 22:57:58 ubuntu kernel: [1909254.887828] PGREPL: node[1] populated with 1100000  tables
Jul  1 22:57:58 ubuntu kernel: [1909254.887832] PGREPL: populating pgtable cache node[2] with 1100000 tables
Jul  1 22:57:59 ubuntu kernel: [1909255.640078] PGREPL: node[2] populated with 1100000  tables
Jul  1 22:57:59 ubuntu kernel: [1909255.640083] PGREPL: populating pgtable cache node[3] with 1100000 tables
Jul  1 22:58:00 ubuntu kernel: [1909256.703004] PGREPL: node[3] populated with 1100000  tables
Jul  1 22:58:00 ubuntu kernel: [1909256.741351] [mitosis] NOTE: version = 6
Jul  1 22:58:00 ubuntu kernel: [1909256.741359] [mitosis] kernel_set_pgtlbreplpolicy: pid = 11488
Jul  1 22:58:00 ubuntu kernel: [1909256.741362] PTREP: Called pgtbl_repl_prepare_replication version 2
Jul  1 22:58:00 ubuntu kernel: [1909256.741364] [mitosis] pgtbl_repl_prepare_replication  for mm=ffff2027d35ae400.
Jul  1 22:58:00 ubuntu kernel: [1909256.741367] [mitosis]------PTREPL: alloc pgd start------
Jul  1 22:58:00 ubuntu kernel: [1909256.741369] [mitosis] nr_node_ids=4.
Jul  1 22:58:00 ubuntu kernel: [1909256.741371] [mitosis] pgd_alloc origin mm->pgd =ffff0022d5973000.
Jul  1 22:58:00 ubuntu kernel: [1909256.741377] [mitosis] pgd_alloc mm->repl_pgd[0]=ffff0022b6eb3000.
Jul  1 22:58:00 ubuntu kernel: [1909256.741382] [mitosis] pgd_alloc mm->repl_pgd[1]=ffff002e49966000.
Jul  1 22:58:00 ubuntu kernel: [1909256.741385] [mitosis] pgd_alloc mm->repl_pgd[2]=ffff202509f87000.
Jul  1 22:58:00 ubuntu kernel: [1909256.741388] [mitosis] pgd_alloc mm->repl_pgd[3]=ffff20283c3c7000.
Jul  1 22:58:00 ubuntu kernel: [1909256.741390] ------PTREPL: alloc pgd success------
Jul  1 22:58:00 ubuntu kernel: [1909256.741393] pgtbl_repl_prepare_replication:1216 pgd=ffff0022d5973000..ffff0022d5973fff
Jul  1 22:58:00 ubuntu kernel: [1909256.741399] PTREP: pgd_idx = 341，and pgd=ffff0022d5973aa8  and pgd[341]=261d83b003
Jul  1 22:58:00 ubuntu kernel: [1909256.741402] pgtbl_repl_prepare_replication:1224 pgd[341]'s pud=ffff00261d83b000..ffff00261d83bfff
Jul  1 22:58:00 ubuntu kernel: [1909256.741405] pgtbl_repl_prepare_replication:1228 another func __va pud=ffff00261d83b000..ffff00261d83bfff
Jul  1 22:58:00 ubuntu kernel: [1909256.741407] pgtbl_repl_prepare_replication:1229 1 pfn=261d83b   2 pfn=261d83b
Jul  1 22:58:00 ubuntu kernel: [1909256.741418] [mitosis] start search pud .......
Jul  1 22:58:00 ubuntu kernel: [1909256.741424] PTREP: pud_idx = 171，and pud=ffff00261d83b558  and pud[171]=26fcc7e003
Jul  1 22:58:00 ubuntu kernel: [1909256.741426] pgtbl_repl_prepare_replication:1248 pud[171]'s pmd=ffff0026fcc7e000..ffff0026fcc7efff
Jul  1 22:58:00 ubuntu kernel: [1909256.741428] pgtbl_repl_prepare_replication:1249 1 pfn=26fcc7e   2 pfn=26fcc7e
Jul  1 22:58:00 ubuntu kernel: [1909256.741443] PTREP: pmd_idx = 174，and pmd=ffff0026fcc7e570  and pmd[174]=268dd5f003
Jul  1 22:58:00 ubuntu kernel: [1909256.741445] pgtbl_repl_prepare_replication:1268 pmd[174]'s pte=ffff00268dd5f000..ffff00268dd5ffff
Jul  1 22:58:00 ubuntu kernel: [1909256.741447] pgtbl_repl_prepare_replication:1269 1 pfn=268dd5f   2 pfn=268dd5f
Jul  1 22:58:00 ubuntu kernel: [1909256.741469] PTREP: pmd_idx = 351，and pmd=ffff0026fcc7eaf8  and pmd[351]=22d5ae0003
Jul  1 22:58:00 ubuntu kernel: [1909256.741472] pgtbl_repl_prepare_replication:1268 pmd[351]'s pte=ffff0022d5ae0000..ffff0022d5ae0fff
Jul  1 22:58:00 ubuntu kernel: [1909256.741474] pgtbl_repl_prepare_replication:1269 1 pfn=22d5ae0   2 pfn=22d5ae0
Jul  1 22:58:00 ubuntu kernel: [1909256.741492] ===================================== end of a page
Jul  1 22:58:00 ubuntu kernel: [1909256.741495] PTREP: pgd_idx = 511，and pgd=ffff0022d5973ff8  and pgd[511]=20950f9003
Jul  1 22:58:00 ubuntu kernel: [1909256.741497] pgtbl_repl_prepare_replication:1224 pgd[511]'s pud=ffff0020950f9000..ffff0020950f9fff
Jul  1 22:58:00 ubuntu kernel: [1909256.741500] pgtbl_repl_prepare_replication:1228 another func __va pud=ffff0020950f9000..ffff0020950f9fff
Jul  1 22:58:00 ubuntu kernel: [1909256.741502] pgtbl_repl_prepare_replication:1229 1 pfn=20950f9   2 pfn=20950f9
Jul  1 22:58:00 ubuntu kernel: [1909256.741512] [mitosis] start search pud .......
Jul  1 22:58:00 ubuntu kernel: [1909256.741519] PTREP: pud_idx = 510，and pud=ffff0020950f9ff0  and pud[510]=22cc864003
Jul  1 22:58:00 ubuntu kernel: [1909256.741521] pgtbl_repl_prepare_replication:1248 pud[510]'s pmd=ffff0022cc864000..ffff0022cc864fff
Jul  1 22:58:00 ubuntu kernel: [1909256.741523] pgtbl_repl_prepare_replication:1249 1 pfn=22cc864   2 pfn=22cc864
Jul  1 22:58:00 ubuntu kernel: [1909256.741539] PTREP: pmd_idx = 302，and pmd=ffff0022cc864970  and pmd[302]=23aadde003
Jul  1 22:58:00 ubuntu kernel: [1909256.741541] pgtbl_repl_prepare_replication:1268 pmd[302]'s pte=ffff0023aadde000..ffff0023aaddefff
Jul  1 22:58:00 ubuntu kernel: [1909256.741544] pgtbl_repl_prepare_replication:1269 1 pfn=23aadde   2 pfn=23aadde
Jul  1 22:58:00 ubuntu kernel: [1909256.741570] PTREP: pmd_idx = 303，and pmd=ffff0022cc864978  and pmd[303]=250867a003
Jul  1 22:58:00 ubuntu kernel: [1909256.741572] pgtbl_repl_prepare_replication:1268 pmd[303]'s pte=ffff00250867a000..ffff00250867afff
Jul  1 22:58:00 ubuntu kernel: [1909256.741574] pgtbl_repl_prepare_replication:1269 1 pfn=250867a   2 pfn=250867a
Jul  1 22:58:00 ubuntu kernel: [1909256.741592] PTREP: pud_idx = 511，and pud=ffff0020950f9ff8  and pud[511]=219c2d6003
Jul  1 22:58:00 ubuntu kernel: [1909256.741594] pgtbl_repl_prepare_replication:1248 pud[511]'s pmd=ffff00219c2d6000..ffff00219c2d6fff
Jul  1 22:58:00 ubuntu kernel: [1909256.741596] pgtbl_repl_prepare_replication:1249 1 pfn=219c2d6   2 pfn=219c2d6
Jul  1 22:58:00 ubuntu kernel: [1909256.741611] PTREP: pmd_idx = 405，and pmd=ffff00219c2d6ca8  and pmd[405]=22b6ee7003
Jul  1 22:58:00 ubuntu kernel: [1909256.741613] pgtbl_repl_prepare_replication:1268 pmd[405]'s pte=ffff0022b6ee7000..ffff0022b6ee7fff
Jul  1 22:58:00 ubuntu kernel: [1909256.741615] pgtbl_repl_prepare_replication:1269 1 pfn=22b6ee7   2 pfn=22b6ee7
Jul  1 22:58:00 ubuntu kernel: [1909256.741630] ===================================== end of a page
Jul  1 22:58:00 ubuntu kernel: [1909256.741632] pgtbl_repl_prepare_replication:1295 all: pud_num=3, pmd_num=5, pte_num=327
Jul  1 22:58:00 ubuntu kernel: [1909256.741634] PTREP: Called pgtbl_repl_prepare_replication  done
Jul  1 22:58:00 ubuntu kernel: [1909256.741636] [mitosis] pgtable replication enabled for mm=ffff2027d35ae400.
Jul  1 22:58:00 ubuntu kernel: [1909256.741638] [mitosis] pgtable replication err=0.
Jul  1 22:58:00 ubuntu kernel: [1909256.741727] [mitosis]------PTREPL: alloc pgd start------
Jul  1 22:58:00 ubuntu kernel: [1909256.741729] [mitosis] nr_node_ids=4.
Jul  1 22:58:00 ubuntu kernel: [1909256.741730] [mitosis] pgd_alloc origin mm->pgd =ffff0022b6f71000.
Jul  1 22:58:00 ubuntu kernel: [1909256.741734] [mitosis] pgd_alloc mm->repl_pgd[0]=ffff0022b6ea8000.
Jul  1 22:58:00 ubuntu kernel: [1909256.741738] [mitosis] pgd_alloc mm->repl_pgd[1]=ffff002e4995b000.
Jul  1 22:58:00 ubuntu kernel: [1909256.741740] [mitosis] pgd_alloc mm->repl_pgd[2]=ffff202509f7c000.
Jul  1 22:58:00 ubuntu kernel: [1909256.741743] [mitosis] pgd_alloc mm->repl_pgd[3]=ffff20283c3bc000.
Jul  1 22:58:00 ubuntu kernel: [1909256.741744] ------PTREPL: alloc pgd success------
Jul  1 22:58:00 ubuntu kernel: [1909256.841990] [mitosis] PTREPL: free pgd start 
Jul  1 22:58:00 ubuntu kernel: [1909256.841996] [mitosis] pgtable_repl_pgd_free freed pgd=ffff0022d5973000 and mm->pgd=ffff0022d5973000.
Jul  1 22:58:00 ubuntu kernel: [1909256.842043] [mitosis]------PTREPL: free pgd done------
Jul  1 23:02:38 ubuntu kernel: [1909534.627462] [mitosis] PTREPL: free pgd start 
Jul  1 23:02:38 ubuntu kernel: [1909534.627475] [mitosis] pgtable_repl_pgd_free freed pgd=ffff0022cc8c4000 and mm->pgd=ffff0022cc8c4000.
Jul  1 23:02:38 ubuntu kernel: [1909534.627477] [mitosis]------PTREPL: free pgd done------
Jul  1 23:03:23 ubuntu kernel: [1909580.187542] Page table CONFIG_Migration_test
Jul  1 23:03:23 ubuntu kernel: [1909580.187547] Page table allocation set to normal behavior -6
Jul  1 23:08:20 ubuntu kernel: [1909876.655307] [mitosis] PTREPL: free pgd start 
Jul  1 23:08:20 ubuntu kernel: [1909876.655318] [mitosis] pgtable_repl_pgd_free freed pgd=ffff0022b6f71000 and mm->pgd=ffff0022b6f71000.
Jul  1 23:08:20 ubuntu kernel: [1909876.655321] [mitosis]------PTREPL: free pgd done------
Jul  1 23:08:20 ubuntu kernel: [1909876.712092] Page table CONFIG_Migration_test
Jul  1 23:08:20 ubuntu kernel: [1909876.712097] Page table allocation set to normal behavior -3
Jul  1 23:13:50 ubuntu kernel: [1910206.549397] Page table CONFIG_Migration_test
Jul  1 23:13:50 ubuntu kernel: [1910206.549401] Page table allocation set to fixed on node 0
Jul  1 23:13:50 ubuntu kernel: [1910206.556422] PROCFS: Command ot drain the pgtable cache
Jul  1 23:13:51 ubuntu kernel: [1910207.912082] PROCFS: Command ot populate the pgtable cache
Jul  1 23:13:51 ubuntu kernel: [1910207.912087] PGREPL: populating pgtable cache with 1100000 tables per node
Jul  1 23:13:51 ubuntu kernel: [1910207.912088] PGREPL: populating pgtable cache node[0] with 1100000 tables
Jul  1 23:13:52 ubuntu kernel: [1910209.304015] PGREPL: node[0] populated with 1100000  tables
Jul  1 23:13:52 ubuntu kernel: [1910209.304021] PGREPL: populating pgtable cache node[1] with 1100000 tables
Jul  1 23:13:54 ubuntu kernel: [1910210.960549] PGREPL: node[1] populated with 1100000  tables
Jul  1 23:13:54 ubuntu kernel: [1910210.960552] PGREPL: populating pgtable cache node[2] with 1100000 tables
Jul  1 23:13:55 ubuntu kernel: [1910211.713631] PGREPL: node[2] populated with 1100000  tables
Jul  1 23:13:55 ubuntu kernel: [1910211.713635] PGREPL: populating pgtable cache node[3] with 1100000 tables
Jul  1 23:13:56 ubuntu kernel: [1910212.777226] PGREPL: node[3] populated with 1100000  tables
Jul  1 23:13:56 ubuntu kernel: [1910212.813911] [mitosis] NOTE: version = 6
Jul  1 23:13:56 ubuntu kernel: [1910212.813920] [mitosis] kernel_set_pgtlbreplpolicy: pid = 20684
Jul  1 23:13:56 ubuntu kernel: [1910212.813923] PTREP: Called pgtbl_repl_prepare_replication version 2
Jul  1 23:13:56 ubuntu kernel: [1910212.813926] [mitosis] pgtbl_repl_prepare_replication  for mm=ffff2027d35ab000.
Jul  1 23:13:56 ubuntu kernel: [1910212.813929] [mitosis]------PTREPL: alloc pgd start------
Jul  1 23:13:56 ubuntu kernel: [1910212.813931] [mitosis] nr_node_ids=4.
Jul  1 23:13:56 ubuntu kernel: [1910212.813932] [mitosis] pgd_alloc origin mm->pgd =ffff00260cb64000.
Jul  1 23:13:56 ubuntu kernel: [1910212.813939] [mitosis] pgd_alloc mm->repl_pgd[0]=ffff0024e88f4000.
Jul  1 23:13:56 ubuntu kernel: [1910212.813944] [mitosis] pgd_alloc mm->repl_pgd[1]=ffff002e46db8000.
Jul  1 23:13:56 ubuntu kernel: [1910212.813947] [mitosis] pgd_alloc mm->repl_pgd[2]=ffff2025073b0000.
Jul  1 23:13:56 ubuntu kernel: [1910212.813950] [mitosis] pgd_alloc mm->repl_pgd[3]=ffff202e47f30000.
Jul  1 23:13:56 ubuntu kernel: [1910212.813952] ------PTREPL: alloc pgd success------
Jul  1 23:13:56 ubuntu kernel: [1910212.813955] pgtbl_repl_prepare_replication:1216 pgd=ffff00260cb64000..ffff00260cb64fff
Jul  1 23:13:56 ubuntu kernel: [1910212.813963] PTREP: pgd_idx = 341，and pgd=ffff00260cb64aa8  and pgd[341]=260cae6003
Jul  1 23:13:56 ubuntu kernel: [1910212.813966] pgtbl_repl_prepare_replication:1224 pgd[341]'s pud=ffff00260cae6000..ffff00260cae6fff
Jul  1 23:13:56 ubuntu kernel: [1910212.813968] pgtbl_repl_prepare_replication:1228 another func __va pud=ffff00260cae6000..ffff00260cae6fff
Jul  1 23:13:56 ubuntu kernel: [1910212.813971] pgtbl_repl_prepare_replication:1229 1 pfn=260cae6   2 pfn=260cae6
Jul  1 23:13:56 ubuntu kernel: [1910212.813983] [mitosis] start search pud .......
Jul  1 23:13:56 ubuntu kernel: [1910212.813988] PTREP: pud_idx = 171，and pud=ffff00260cae6558  and pud[171]=279c567003
Jul  1 23:13:56 ubuntu kernel: [1910212.813990] pgtbl_repl_prepare_replication:1248 pud[171]'s pmd=ffff00279c567000..ffff00279c567fff
Jul  1 23:13:56 ubuntu kernel: [1910212.813992] pgtbl_repl_prepare_replication:1249 1 pfn=279c567   2 pfn=279c567
Jul  1 23:13:56 ubuntu kernel: [1910212.814006] PTREP: pmd_idx = 77，and pmd=ffff00279c567268  and pmd[77]=241d043003
Jul  1 23:13:56 ubuntu kernel: [1910212.814008] pgtbl_repl_prepare_replication:1268 pmd[77]'s pte=ffff00241d043000..ffff00241d043fff
Jul  1 23:13:56 ubuntu kernel: [1910212.814010] pgtbl_repl_prepare_replication:1269 1 pfn=241d043   2 pfn=241d043
Jul  1 23:13:56 ubuntu kernel: [1910212.814034] PTREP: pmd_idx = 367，and pmd=ffff00279c567b78  and pmd[367]=25175c3003
Jul  1 23:13:56 ubuntu kernel: [1910212.814036] pgtbl_repl_prepare_replication:1268 pmd[367]'s pte=ffff0025175c3000..ffff0025175c3fff
Jul  1 23:13:56 ubuntu kernel: [1910212.814038] pgtbl_repl_prepare_replication:1269 1 pfn=25175c3   2 pfn=25175c3
Jul  1 23:13:56 ubuntu kernel: [1910212.814059] ===================================== end of a page
Jul  1 23:13:56 ubuntu kernel: [1910212.814061] PTREP: pgd_idx = 511，and pgd=ffff00260cb64ff8  and pgd[511]=25175d4003
Jul  1 23:13:56 ubuntu kernel: [1910212.814064] pgtbl_repl_prepare_replication:1224 pgd[511]'s pud=ffff0025175d4000..ffff0025175d4fff
Jul  1 23:13:56 ubuntu kernel: [1910212.814066] pgtbl_repl_prepare_replication:1228 another func __va pud=ffff0025175d4000..ffff0025175d4fff
Jul  1 23:13:56 ubuntu kernel: [1910212.814068] pgtbl_repl_prepare_replication:1229 1 pfn=25175d4   2 pfn=25175d4
Jul  1 23:13:56 ubuntu kernel: [1910212.814078] [mitosis] start search pud .......
Jul  1 23:13:56 ubuntu kernel: [1910212.814085] PTREP: pud_idx = 510，and pud=ffff0025175d4ff0  and pud[510]=2288070003
Jul  1 23:13:56 ubuntu kernel: [1910212.814088] pgtbl_repl_prepare_replication:1248 pud[510]'s pmd=ffff002288070000..ffff002288070fff
Jul  1 23:13:56 ubuntu kernel: [1910212.814090] pgtbl_repl_prepare_replication:1249 1 pfn=2288070   2 pfn=2288070
Jul  1 23:13:56 ubuntu kernel: [1910212.814103] PTREP: pmd_idx = 50，and pmd=ffff002288070190  and pmd[50]=241d354003
Jul  1 23:13:56 ubuntu kernel: [1910212.814105] pgtbl_repl_prepare_replication:1268 pmd[50]'s pte=ffff00241d354000..ffff00241d354fff
Jul  1 23:13:56 ubuntu kernel: [1910212.814108] pgtbl_repl_prepare_replication:1269 1 pfn=241d354   2 pfn=241d354
Jul  1 23:13:56 ubuntu kernel: [1910212.814133] PTREP: pmd_idx = 51，and pmd=ffff002288070198  and pmd[51]=24c02cf003
Jul  1 23:13:56 ubuntu kernel: [1910212.814135] pgtbl_repl_prepare_replication:1268 pmd[51]'s pte=ffff0024c02cf000..ffff0024c02cffff
Jul  1 23:13:56 ubuntu kernel: [1910212.814137] pgtbl_repl_prepare_replication:1269 1 pfn=24c02cf   2 pfn=24c02cf
Jul  1 23:13:56 ubuntu kernel: [1910212.814156] PTREP: pud_idx = 511，and pud=ffff0025175d4ff8  and pud[511]=260c83c003
Jul  1 23:13:56 ubuntu kernel: [1910212.814158] pgtbl_repl_prepare_replication:1248 pud[511]'s pmd=ffff00260c83c000..ffff00260c83cfff
Jul  1 23:13:56 ubuntu kernel: [1910212.814160] pgtbl_repl_prepare_replication:1249 1 pfn=260c83c   2 pfn=260c83c
Jul  1 23:13:56 ubuntu kernel: [1910212.814175] PTREP: pmd_idx = 436，and pmd=ffff00260c83cda0  and pmd[436]=247db3b003
Jul  1 23:13:56 ubuntu kernel: [1910212.814177] pgtbl_repl_prepare_replication:1268 pmd[436]'s pte=ffff00247db3b000..ffff00247db3bfff
Jul  1 23:13:56 ubuntu kernel: [1910212.814179] pgtbl_repl_prepare_replication:1269 1 pfn=247db3b   2 pfn=247db3b
Jul  1 23:13:56 ubuntu kernel: [1910212.814196] ===================================== end of a page
Jul  1 23:13:56 ubuntu kernel: [1910212.814198] pgtbl_repl_prepare_replication:1295 all: pud_num=3, pmd_num=5, pte_num=302
Jul  1 23:13:56 ubuntu kernel: [1910212.814200] PTREP: Called pgtbl_repl_prepare_replication  done
Jul  1 23:13:56 ubuntu kernel: [1910212.814202] [mitosis] pgtable replication enabled for mm=ffff2027d35ab000.
Jul  1 23:13:56 ubuntu kernel: [1910212.814204] [mitosis] pgtable replication err=0.
Jul  1 23:13:56 ubuntu kernel: [1910212.814288] [mitosis]------PTREPL: alloc pgd start------
Jul  1 23:13:56 ubuntu kernel: [1910212.814291] [mitosis] nr_node_ids=4.
Jul  1 23:13:56 ubuntu kernel: [1910212.814293] [mitosis] pgd_alloc origin mm->pgd =ffff0023adcfb000.
Jul  1 23:13:56 ubuntu kernel: [1910212.814297] [mitosis] pgd_alloc mm->repl_pgd[0]=ffff0024e88e9000.
Jul  1 23:13:56 ubuntu kernel: [1910212.814301] [mitosis] pgd_alloc mm->repl_pgd[1]=ffff002e46dad000.
Jul  1 23:13:56 ubuntu kernel: [1910212.814304] [mitosis] pgd_alloc mm->repl_pgd[2]=ffff2025073a5000.
Jul  1 23:13:56 ubuntu kernel: [1910212.814307] [mitosis] pgd_alloc mm->repl_pgd[3]=ffff202e47f25000.
Jul  1 23:13:56 ubuntu kernel: [1910212.814308] ------PTREPL: alloc pgd success------
Jul  1 23:13:56 ubuntu kernel: [1910212.914482] [mitosis] PTREPL: free pgd start 
Jul  1 23:13:56 ubuntu kernel: [1910212.914489] [mitosis] pgtable_repl_pgd_free freed pgd=ffff00260cb64000 and mm->pgd=ffff00260cb64000.
Jul  1 23:13:56 ubuntu kernel: [1910212.914494] [mitosis]------PTREPL: free pgd done------
Jul  1 23:19:19 ubuntu kernel: [1910535.611949] Page table CONFIG_Migration_test
Jul  1 23:19:19 ubuntu kernel: [1910535.611954] Page table allocation set to normal behavior -6
Jul  1 23:24:15 ubuntu kernel: [1910831.990105] Page table CONFIG_Migration_test
Jul  1 23:24:15 ubuntu kernel: [1910831.990109] Page table allocation set to normal behavior -3
Jul  1 23:26:32 ubuntu kernel: [1910968.724312] [mitosis] PTREPL: free pgd start 
Jul  1 23:26:32 ubuntu kernel: [1910968.724331] [mitosis] pgtable_repl_pgd_free freed pgd=ffff0023adcfb000 and mm->pgd=ffff0023adcfb000.
Jul  1 23:26:32 ubuntu kernel: [1910968.724334] [mitosis]------PTREPL: free pgd done------
Jul  1 23:29:46 ubuntu kernel: [1911162.633986] Page table CONFIG_Migration_test
Jul  1 23:29:46 ubuntu kernel: [1911162.633991] Page table allocation set to fixed on node 0
Jul  1 23:29:46 ubuntu kernel: [1911162.641457] PROCFS: Command ot drain the pgtable cache
Jul  1 23:29:47 ubuntu kernel: [1911163.582523] PROCFS: Command ot populate the pgtable cache
Jul  1 23:29:47 ubuntu kernel: [1911163.582526] PGREPL: populating pgtable cache with 1100000 tables per node
Jul  1 23:29:47 ubuntu kernel: [1911163.582528] PGREPL: populating pgtable cache node[0] with 1100000 tables
Jul  1 23:29:48 ubuntu kernel: [1911164.928191] PGREPL: node[0] populated with 1100000  tables
Jul  1 23:29:48 ubuntu kernel: [1911164.928196] PGREPL: populating pgtable cache node[1] with 1100000 tables
Jul  1 23:29:50 ubuntu kernel: [1911166.585771] PGREPL: node[1] populated with 1100000  tables
Jul  1 23:29:50 ubuntu kernel: [1911166.585775] PGREPL: populating pgtable cache node[2] with 1100000 tables
Jul  1 23:29:50 ubuntu kernel: [1911167.339141] PGREPL: node[2] populated with 1100000  tables
Jul  1 23:29:50 ubuntu kernel: [1911167.339146] PGREPL: populating pgtable cache node[3] with 1100000 tables
Jul  1 23:29:52 ubuntu kernel: [1911168.391810] PGREPL: node[3] populated with 1100000  tables
Jul  1 23:29:52 ubuntu kernel: [1911168.431381] [mitosis] NOTE: version = 6
Jul  1 23:29:52 ubuntu kernel: [1911168.431390] [mitosis] kernel_set_pgtlbreplpolicy: pid = 29867
Jul  1 23:29:52 ubuntu kernel: [1911168.431392] PTREP: Called pgtbl_repl_prepare_replication version 2
Jul  1 23:29:52 ubuntu kernel: [1911168.431396] [mitosis] pgtbl_repl_prepare_replication  for mm=ffff2027d35af000.
Jul  1 23:29:52 ubuntu kernel: [1911168.431398] [mitosis]------PTREPL: alloc pgd start------
Jul  1 23:29:52 ubuntu kernel: [1911168.431400] [mitosis] nr_node_ids=4.
Jul  1 23:29:52 ubuntu kernel: [1911168.431402] [mitosis] pgd_alloc origin mm->pgd =ffff00220bef8000.
Jul  1 23:29:52 ubuntu kernel: [1911168.431408] [mitosis] pgd_alloc mm->repl_pgd[0]=ffff0025e4167000.
Jul  1 23:29:52 ubuntu kernel: [1911168.431413] [mitosis] pgd_alloc mm->repl_pgd[1]=ffff002e44202000.
Jul  1 23:29:52 ubuntu kernel: [1911168.431416] [mitosis] pgd_alloc mm->repl_pgd[2]=ffff202504787000.
Jul  1 23:29:52 ubuntu kernel: [1911168.431419] [mitosis] pgd_alloc mm->repl_pgd[3]=ffff202959dfc000.
Jul  1 23:29:52 ubuntu kernel: [1911168.431421] ------PTREPL: alloc pgd success------
Jul  1 23:29:52 ubuntu kernel: [1911168.431424] pgtbl_repl_prepare_replication:1216 pgd=ffff00220bef8000..ffff00220bef8fff
Jul  1 23:29:52 ubuntu kernel: [1911168.431431] PTREP: pgd_idx = 341，and pgd=ffff00220bef8aa8  and pgd[341]=220bf10003
Jul  1 23:29:52 ubuntu kernel: [1911168.431434] pgtbl_repl_prepare_replication:1224 pgd[341]'s pud=ffff00220bf10000..ffff00220bf10fff
Jul  1 23:29:52 ubuntu kernel: [1911168.431436] pgtbl_repl_prepare_replication:1228 another func __va pud=ffff00220bf10000..ffff00220bf10fff
Jul  1 23:29:52 ubuntu kernel: [1911168.431438] pgtbl_repl_prepare_replication:1229 1 pfn=220bf10   2 pfn=220bf10
Jul  1 23:29:52 ubuntu kernel: [1911168.431449] [mitosis] start search pud .......
Jul  1 23:29:52 ubuntu kernel: [1911168.431454] PTREP: pud_idx = 171，and pud=ffff00220bf10558  and pud[171]=220bf1c003
Jul  1 23:29:52 ubuntu kernel: [1911168.431457] pgtbl_repl_prepare_replication:1248 pud[171]'s pmd=ffff00220bf1c000..ffff00220bf1cfff
Jul  1 23:29:52 ubuntu kernel: [1911168.431459] pgtbl_repl_prepare_replication:1249 1 pfn=220bf1c   2 pfn=220bf1c
Jul  1 23:29:52 ubuntu kernel: [1911168.431471] PTREP: pmd_idx = 94，and pmd=ffff00220bf1c2f0  and pmd[94]=247e067003
Jul  1 23:29:52 ubuntu kernel: [1911168.431474] pgtbl_repl_prepare_replication:1268 pmd[94]'s pte=ffff00247e067000..ffff00247e067fff
Jul  1 23:29:52 ubuntu kernel: [1911168.431476] pgtbl_repl_prepare_replication:1269 1 pfn=247e067   2 pfn=247e067
Jul  1 23:29:52 ubuntu kernel: [1911168.431495] PTREP: pmd_idx = 111，and pmd=ffff00220bf1c378  and pmd[111]=265c3b8003
Jul  1 23:29:52 ubuntu kernel: [1911168.431497] pgtbl_repl_prepare_replication:1268 pmd[111]'s pte=ffff00265c3b8000..ffff00265c3b8fff
Jul  1 23:29:52 ubuntu kernel: [1911168.431499] pgtbl_repl_prepare_replication:1269 1 pfn=265c3b8   2 pfn=265c3b8
Jul  1 23:29:52 ubuntu kernel: [1911168.431520] ===================================== end of a page
Jul  1 23:29:52 ubuntu kernel: [1911168.431523] PTREP: pgd_idx = 511，and pgd=ffff00220bef8ff8  and pgd[511]=220be5c003
Jul  1 23:29:52 ubuntu kernel: [1911168.431525] pgtbl_repl_prepare_replication:1224 pgd[511]'s pud=ffff00220be5c000..ffff00220be5cfff
Jul  1 23:29:52 ubuntu kernel: [1911168.431528] pgtbl_repl_prepare_replication:1228 another func __va pud=ffff00220be5c000..ffff00220be5cfff
Jul  1 23:29:52 ubuntu kernel: [1911168.431529] pgtbl_repl_prepare_replication:1229 1 pfn=220be5c   2 pfn=220be5c
Jul  1 23:29:52 ubuntu kernel: [1911168.431539] [mitosis] start search pud .......
Jul  1 23:29:52 ubuntu kernel: [1911168.431546] PTREP: pud_idx = 510，and pud=ffff00220be5cff0  and pud[510]=220bf04003
Jul  1 23:29:52 ubuntu kernel: [1911168.431548] pgtbl_repl_prepare_replication:1248 pud[510]'s pmd=ffff00220bf04000..ffff00220bf04fff
Jul  1 23:29:52 ubuntu kernel: [1911168.431550] pgtbl_repl_prepare_replication:1249 1 pfn=220bf04   2 pfn=220bf04
Jul  1 23:29:52 ubuntu kernel: [1911168.431563] PTREP: pmd_idx = 249，and pmd=ffff00220bf047c8  and pmd[249]=265c3c4003
Jul  1 23:29:52 ubuntu kernel: [1911168.431566] pgtbl_repl_prepare_replication:1268 pmd[249]'s pte=ffff00265c3c4000..ffff00265c3c4fff
Jul  1 23:29:52 ubuntu kernel: [1911168.431568] pgtbl_repl_prepare_replication:1269 1 pfn=265c3c4   2 pfn=265c3c4
Jul  1 23:29:52 ubuntu kernel: [1911168.431585] PTREP: pmd_idx = 250，and pmd=ffff00220bf047d0  and pmd[250]=25e2d78003
Jul  1 23:29:52 ubuntu kernel: [1911168.431587] pgtbl_repl_prepare_replication:1268 pmd[250]'s pte=ffff0025e2d78000..ffff0025e2d78fff
Jul  1 23:29:52 ubuntu kernel: [1911168.431589] pgtbl_repl_prepare_replication:1269 1 pfn=25e2d78   2 pfn=25e2d78
Jul  1 23:29:52 ubuntu kernel: [1911168.431612] PTREP: pud_idx = 511，and pud=ffff00220be5cff8  and pud[511]=220be68003
Jul  1 23:29:52 ubuntu kernel: [1911168.431614] pgtbl_repl_prepare_replication:1248 pud[511]'s pmd=ffff00220be68000..ffff00220be68fff
Jul  1 23:29:52 ubuntu kernel: [1911168.431616] pgtbl_repl_prepare_replication:1249 1 pfn=220be68   2 pfn=220be68
Jul  1 23:29:52 ubuntu kernel: [1911168.431631] PTREP: pmd_idx = 490，and pmd=ffff00220be68f50  and pmd[490]=22cc85a003
Jul  1 23:29:52 ubuntu kernel: [1911168.431633] pgtbl_repl_prepare_replication:1268 pmd[490]'s pte=ffff0022cc85a000..ffff0022cc85afff
Jul  1 23:29:52 ubuntu kernel: [1911168.431635] pgtbl_repl_prepare_replication:1269 1 pfn=22cc85a   2 pfn=22cc85a
Jul  1 23:29:52 ubuntu kernel: [1911168.431649] ===================================== end of a page
Jul  1 23:29:52 ubuntu kernel: [1911168.431652] pgtbl_repl_prepare_replication:1295 all: pud_num=3, pmd_num=5, pte_num=345
Jul  1 23:29:52 ubuntu kernel: [1911168.431654] PTREP: Called pgtbl_repl_prepare_replication  done
Jul  1 23:29:52 ubuntu kernel: [1911168.431656] [mitosis] pgtable replication enabled for mm=ffff2027d35af000.
Jul  1 23:29:52 ubuntu kernel: [1911168.431658] [mitosis] pgtable replication err=0.
Jul  1 23:29:52 ubuntu kernel: [1911168.431769] [mitosis]------PTREPL: alloc pgd start------
Jul  1 23:29:52 ubuntu kernel: [1911168.431771] [mitosis] nr_node_ids=4.
Jul  1 23:29:52 ubuntu kernel: [1911168.431773] [mitosis] pgd_alloc origin mm->pgd =ffff0025e41e6000.
Jul  1 23:29:52 ubuntu kernel: [1911168.431776] [mitosis] pgd_alloc mm->repl_pgd[0]=ffff0025e415c000.
Jul  1 23:29:52 ubuntu kernel: [1911168.431780] [mitosis] pgd_alloc mm->repl_pgd[1]=ffff002e441f7000.
Jul  1 23:29:52 ubuntu kernel: [1911168.431783] [mitosis] pgd_alloc mm->repl_pgd[2]=ffff20250477c000.
Jul  1 23:29:52 ubuntu kernel: [1911168.431786] [mitosis] pgd_alloc mm->repl_pgd[3]=ffff202959df1000.
Jul  1 23:29:52 ubuntu kernel: [1911168.431787] ------PTREPL: alloc pgd success------
Jul  1 23:29:52 ubuntu kernel: [1911168.531993] [mitosis] PTREPL: free pgd start 
Jul  1 23:29:52 ubuntu kernel: [1911168.531999] [mitosis] pgtable_repl_pgd_free freed pgd=ffff00220bef8000 and mm->pgd=ffff00220bef8000.
Jul  1 23:29:52 ubuntu kernel: [1911168.532003] [mitosis]------PTREPL: free pgd done------
Jul  1 23:35:14 ubuntu kernel: [1911491.082169] Page table CONFIG_Migration_test
Jul  1 23:35:14 ubuntu kernel: [1911491.082174] Page table allocation set to normal behavior -6
Jul  1 23:40:09 ubuntu kernel: [1911785.741277] Page table CONFIG_Migration_test
Jul  1 23:40:09 ubuntu kernel: [1911785.741283] Page table allocation set to normal behavior -3
Jul  1 23:45:39 ubuntu kernel: [1912116.332860] Page table CONFIG_Migration_test
Jul  1 23:45:39 ubuntu kernel: [1912116.332864] Page table allocation set to fixed on node 0
Jul  1 23:45:39 ubuntu kernel: [1912116.339588] PROCFS: Command ot drain the pgtable cache
Jul  1 23:45:40 ubuntu kernel: [1912117.207340] PROCFS: Command ot populate the pgtable cache
Jul  1 23:45:40 ubuntu kernel: [1912117.207344] PGREPL: populating pgtable cache with 1100000 tables per node
Jul  1 23:45:40 ubuntu kernel: [1912117.207345] PGREPL: populating pgtable cache node[0] with 1100000 tables
Jul  1 23:45:42 ubuntu kernel: [1912118.820857] PGREPL: node[0] populated with 1100000  tables
Jul  1 23:45:42 ubuntu kernel: [1912118.820865] PGREPL: populating pgtable cache node[1] with 1100000 tables
Jul  1 23:45:44 ubuntu kernel: [1912120.724519] PGREPL: node[1] populated with 1100000  tables
Jul  1 23:45:44 ubuntu kernel: [1912120.724524] PGREPL: populating pgtable cache node[2] with 1100000 tables
Jul  1 23:45:45 ubuntu kernel: [1912121.800021] PGREPL: node[2] populated with 1100000  tables
Jul  1 23:45:45 ubuntu kernel: [1912121.800025] PGREPL: populating pgtable cache node[3] with 1100000 tables
Jul  1 23:45:46 ubuntu kernel: [1912122.538389] PGREPL: node[3] populated with 1100000  tables
Jul  1 23:45:46 ubuntu kernel: [1912122.544376] [mitosis] PTREPL: free pgd start 
Jul  1 23:45:46 ubuntu kernel: [1912122.544379] [mitosis] pgtable_repl_pgd_free freed pgd=ffff0025e41e6000 and mm->pgd=ffff0025e41e6000.
Jul  1 23:45:46 ubuntu kernel: [1912122.544381] [mitosis]------PTREPL: free pgd done------
Jul  1 23:45:46 ubuntu kernel: [1912122.581873] [mitosis] NOTE: version = 6
Jul  1 23:45:46 ubuntu kernel: [1912122.581877] [mitosis] kernel_set_pgtlbreplpolicy: pid = 39038
Jul  1 23:45:46 ubuntu kernel: [1912122.581879] PTREP: Called pgtbl_repl_prepare_replication version 2
Jul  1 23:45:46 ubuntu kernel: [1912122.581882] [mitosis] pgtbl_repl_prepare_replication  for mm=ffff2027d35aa000.
Jul  1 23:45:46 ubuntu kernel: [1912122.581884] [mitosis]------PTREPL: alloc pgd start------
Jul  1 23:45:46 ubuntu kernel: [1912122.581886] [mitosis] nr_node_ids=4.
Jul  1 23:45:46 ubuntu kernel: [1912122.581888] [mitosis] pgd_alloc origin mm->pgd =ffff00230385b000.
Jul  1 23:45:46 ubuntu kernel: [1912122.581893] [mitosis] pgd_alloc mm->repl_pgd[0]=ffff0025e415c000.
Jul  1 23:45:46 ubuntu kernel: [1912122.581898] [mitosis] pgd_alloc mm->repl_pgd[1]=ffff002e441f7000.
Jul  1 23:45:46 ubuntu kernel: [1912122.581901] [mitosis] pgd_alloc mm->repl_pgd[2]=ffff20250477c000.
Jul  1 23:45:46 ubuntu kernel: [1912122.581904] [mitosis] pgd_alloc mm->repl_pgd[3]=ffff202959df1000.
Jul  1 23:45:46 ubuntu kernel: [1912122.581905] ------PTREPL: alloc pgd success------
Jul  1 23:45:46 ubuntu kernel: [1912122.581909] pgtbl_repl_prepare_replication:1216 pgd=ffff00230385b000..ffff00230385bfff
Jul  1 23:45:46 ubuntu kernel: [1912122.581915] PTREP: pgd_idx = 341，and pgd=ffff00230385baa8  and pgd[341]=24454eb003
Jul  1 23:45:46 ubuntu kernel: [1912122.581917] pgtbl_repl_prepare_replication:1224 pgd[341]'s pud=ffff0024454eb000..ffff0024454ebfff
Jul  1 23:45:46 ubuntu kernel: [1912122.581920] pgtbl_repl_prepare_replication:1228 another func __va pud=ffff0024454eb000..ffff0024454ebfff
Jul  1 23:45:46 ubuntu kernel: [1912122.581922] pgtbl_repl_prepare_replication:1229 1 pfn=24454eb   2 pfn=24454eb
Jul  1 23:45:46 ubuntu kernel: [1912122.581934] [mitosis] start search pud .......
Jul  1 23:45:46 ubuntu kernel: [1912122.581938] PTREP: pud_idx = 171，and pud=ffff0024454eb558  and pud[171]=2273cfa003
Jul  1 23:45:46 ubuntu kernel: [1912122.581941] pgtbl_repl_prepare_replication:1248 pud[171]'s pmd=ffff002273cfa000..ffff002273cfafff
Jul  1 23:45:46 ubuntu kernel: [1912122.581943] pgtbl_repl_prepare_replication:1249 1 pfn=2273cfa   2 pfn=2273cfa
Jul  1 23:45:46 ubuntu kernel: [1912122.581957] PTREP: pmd_idx = 239，and pmd=ffff002273cfa778  and pmd[239]=20a33db003
Jul  1 23:45:46 ubuntu kernel: [1912122.581959] pgtbl_repl_prepare_replication:1268 pmd[239]'s pte=ffff0020a33db000..ffff0020a33dbfff
Jul  1 23:45:46 ubuntu kernel: [1912122.581962] pgtbl_repl_prepare_replication:1269 1 pfn=20a33db   2 pfn=20a33db
Jul  1 23:45:46 ubuntu kernel: [1912122.581981] PTREP: pud_idx = 172，and pud=ffff0024454eb560  and pud[172]=20a32f7003
Jul  1 23:45:46 ubuntu kernel: [1912122.581983] pgtbl_repl_prepare_replication:1248 pud[172]'s pmd=ffff0020a32f7000..ffff0020a32f7fff
Jul  1 23:45:46 ubuntu kernel: [1912122.581985] pgtbl_repl_prepare_replication:1249 1 pfn=20a32f7   2 pfn=20a32f7
Jul  1 23:45:46 ubuntu kernel: [1912122.581995] PTREP: pmd_idx = 21，and pmd=ffff0020a32f70a8  and pmd[21]=2445471003
Jul  1 23:45:46 ubuntu kernel: [1912122.581998] pgtbl_repl_prepare_replication:1268 pmd[21]'s pte=ffff002445471000..ffff002445471fff
Jul  1 23:45:46 ubuntu kernel: [1912122.582000] pgtbl_repl_prepare_replication:1269 1 pfn=2445471   2 pfn=2445471
Jul  1 23:45:46 ubuntu kernel: [1912122.582022] ===================================== end of a page
Jul  1 23:45:46 ubuntu kernel: [1912122.582025] PTREP: pgd_idx = 511，and pgd=ffff00230385bff8  and pgd[511]=25c7161003
Jul  1 23:45:46 ubuntu kernel: [1912122.582027] pgtbl_repl_prepare_replication:1224 pgd[511]'s pud=ffff0025c7161000..ffff0025c7161fff
Jul  1 23:45:46 ubuntu kernel: [1912122.582030] pgtbl_repl_prepare_replication:1228 another func __va pud=ffff0025c7161000..ffff0025c7161fff
Jul  1 23:45:46 ubuntu kernel: [1912122.582032] pgtbl_repl_prepare_replication:1229 1 pfn=25c7161   2 pfn=25c7161
Jul  1 23:45:46 ubuntu kernel: [1912122.582042] [mitosis] start search pud .......
Jul  1 23:45:46 ubuntu kernel: [1912122.582050] PTREP: pud_idx = 510，and pud=ffff0025c7161ff0  and pud[510]=25ab197003
Jul  1 23:45:46 ubuntu kernel: [1912122.582053] pgtbl_repl_prepare_replication:1248 pud[510]'s pmd=ffff0025ab197000..ffff0025ab197fff
Jul  1 23:45:46 ubuntu kernel: [1912122.582055] pgtbl_repl_prepare_replication:1249 1 pfn=25ab197   2 pfn=25ab197
Jul  1 23:45:46 ubuntu kernel: [1912122.582068] PTREP: pmd_idx = 195，and pmd=ffff0025ab197618  and pmd[195]=265c1e5003
Jul  1 23:45:46 ubuntu kernel: [1912122.582070] pgtbl_repl_prepare_replication:1268 pmd[195]'s pte=ffff00265c1e5000..ffff00265c1e5fff
Jul  1 23:45:46 ubuntu kernel: [1912122.582072] pgtbl_repl_prepare_replication:1269 1 pfn=265c1e5   2 pfn=265c1e5
Jul  1 23:45:46 ubuntu kernel: [1912122.582099] PTREP: pud_idx = 511，and pud=ffff0025c7161ff8  and pud[511]=23cc839003
Jul  1 23:45:46 ubuntu kernel: [1912122.582102] pgtbl_repl_prepare_replication:1248 pud[511]'s pmd=ffff0023cc839000..ffff0023cc839fff
Jul  1 23:45:46 ubuntu kernel: [1912122.582104] pgtbl_repl_prepare_replication:1249 1 pfn=23cc839   2 pfn=23cc839
Jul  1 23:45:46 ubuntu kernel: [1912122.582114] PTREP: pmd_idx = 17，and pmd=ffff0023cc839088  and pmd[17]=2113083003
Jul  1 23:45:46 ubuntu kernel: [1912122.582117] pgtbl_repl_prepare_replication:1268 pmd[17]'s pte=ffff002113083000..ffff002113083fff
Jul  1 23:45:46 ubuntu kernel: [1912122.582119] pgtbl_repl_prepare_replication:1269 1 pfn=2113083   2 pfn=2113083
Jul  1 23:45:46 ubuntu kernel: [1912122.582140] ===================================== end of a page
Jul  1 23:45:46 ubuntu kernel: [1912122.582143] pgtbl_repl_prepare_replication:1295 all: pud_num=4, pmd_num=4, pte_num=344
Jul  1 23:45:46 ubuntu kernel: [1912122.582144] PTREP: Called pgtbl_repl_prepare_replication  done
Jul  1 23:45:46 ubuntu kernel: [1912122.582147] [mitosis] pgtable replication enabled for mm=ffff2027d35aa000.
Jul  1 23:45:46 ubuntu kernel: [1912122.582148] [mitosis] pgtable replication err=0.
Jul  1 23:45:46 ubuntu kernel: [1912122.582214] [mitosis]------PTREPL: alloc pgd start------
Jul  1 23:45:46 ubuntu kernel: [1912122.582216] [mitosis] nr_node_ids=4.
Jul  1 23:45:46 ubuntu kernel: [1912122.582218] [mitosis] pgd_alloc origin mm->pgd =ffff0022074ca000.
Jul  1 23:45:46 ubuntu kernel: [1912122.582221] [mitosis] pgd_alloc mm->repl_pgd[0]=ffff0026850de000.
Jul  1 23:45:46 ubuntu kernel: [1912122.582225] [mitosis] pgd_alloc mm->repl_pgd[1]=ffff002e41793000.
Jul  1 23:45:46 ubuntu kernel: [1912122.582228] [mitosis] pgd_alloc mm->repl_pgd[2]=ffff202501138000.
Jul  1 23:45:46 ubuntu kernel: [1912122.582230] [mitosis] pgd_alloc mm->repl_pgd[3]=ffff202e987de000.
Jul  1 23:45:46 ubuntu kernel: [1912122.582231] ------PTREPL: alloc pgd success------
Jul  1 23:45:46 ubuntu kernel: [1912122.682408] [mitosis] PTREPL: free pgd start 
Jul  1 23:45:46 ubuntu kernel: [1912122.682417] [mitosis] pgtable_repl_pgd_free freed pgd=ffff00230385b000 and mm->pgd=ffff00230385b000.
Jul  1 23:45:46 ubuntu kernel: [1912122.682421] [mitosis]------PTREPL: free pgd done------
Jul  2 06:53:19 ubuntu kernel: [1937776.111526] [mitosis] PTREPL: free pgd start 
Jul  2 06:53:19 ubuntu kernel: [1937776.111533] [mitosis] pgtable_repl_pgd_free freed pgd=ffff0022074ca000 and mm->pgd=ffff0022074ca000.
Jul  2 06:53:19 ubuntu kernel: [1937776.111537] [mitosis]------PTREPL: free pgd done------
